app/manifest-merger-release-report.txt
-- Merging decision tree log ---
manifest
ADDED from AndroidManifest.xml:2:1
	package
		ADDED from AndroidManifest.xml:3:5
		INJECTED from AndroidManifest.xml:0:0
		INJECTED from AndroidManifest.xml:0:0
	android:versionName
		INJECTED from AndroidManifest.xml:0:0
		INJECTED from AndroidManifest.xml:0:0
	xmlns:android
		ADDED from AndroidManifest.xml:2:11
	android:versionCode
		INJECTED from AndroidManifest.xml:0:0
		INJECTED from AndroidManifest.xml:0:0
uses-permission#android.permission.INTERNET
ADDED from AndroidManifest.xml:5:5
	android:name
		ADDED from AndroidManifest.xml:5:22
uses-permission#android.permission.ACCESS_NETWORK_STATE
ADDED from AndroidManifest.xml:6:5
	android:name
		ADDED from AndroidManifest.xml:6:22
uses-permission#android.permission.RECEIVE_BOOT_COMPLETED
ADDED from AndroidManifest.xml:7:5
	android:name
		ADDED from AndroidManifest.xml:7:22
uses-permission#android.permission.READ_PHONE_STATE
ADDED from AndroidManifest.xml:8:5
	android:name
		ADDED from AndroidManifest.xml:8:22
uses-permission#android.permission.ACCESS_WIFI_STATE
ADDED from AndroidManifest.xml:10:5
	android:name
		ADDED from AndroidManifest.xml:10:22
uses-permission#android.permission.WRITE_EXTERNAL_STORAGE
ADDED from AndroidManifest.xml:11:5
	android:name
		ADDED from AndroidManifest.xml:11:22
uses-permission#android.permission.RECORD_AUDIO
ADDED from AndroidManifest.xml:12:5
	android:name
		ADDED from AndroidManifest.xml:12:22
uses-permission#android.permission.MODIFY_AUDIO_SETTINGS
ADDED from AndroidManifest.xml:13:5
	android:name
		ADDED from AndroidManifest.xml:13:22
uses-permission#android.permission.ACCESS_COARSE_LOCATION
ADDED from AndroidManifest.xml:14:5
	android:name
		ADDED from AndroidManifest.xml:14:22
uses-permission#android.permission.VIBRATE
ADDED from AndroidManifest.xml:15:5
	android:name
		ADDED from AndroidManifest.xml:15:22
supports-screens
ADDED from AndroidManifest.xml:17:5
	android:largeScreens
		ADDED from AndroidManifest.xml:19:9
	android:smallScreens
		ADDED from AndroidManifest.xml:22:9
	android:normalScreens
		ADDED from AndroidManifest.xml:20:9
	android:resizeable
		ADDED from AndroidManifest.xml:21:9
	android:anyDensity
		ADDED from AndroidManifest.xml:18:9
application
ADDED from AndroidManifest.xml:24:5
MERGED from com.android.support:support-v4:21.0.3:16:5
MERGED from com.android.support:appcompat-v7:21.0.3:16:5
MERGED from com.android.support:support-v4:21.0.3:16:5
MERGED from com.android.support:cardview-v7:21.0.3:16:5
MERGED from com.github.johnpersano:supertoasts:1.3.4.1:5:5
MERGED from LiaoSao:lib-animation-list-manipulation:unspecified:24:5
MERGED from LiaoSao:lib-animation-list-core:unspecified:24:5
MERGED from LiaoSao:lib-float-btn:unspecified:10:5
MERGED from LiaoSao:lib-photoview:unspecified:11:5
MERGED from com.android.support:support-v4:21.0.3:16:5
MERGED from com.android.support:support-v4:21.0.3:16:5
	android:label
		ADDED from AndroidManifest.xml:28:9
	android:hardwareAccelerated
		ADDED from LiaoSao:lib-photoview:unspecified:13:9
	android:allowBackup
		ADDED from AndroidManifest.xml:26:9
	android:icon
		ADDED from AndroidManifest.xml:27:9
	android:theme
		ADDED from AndroidManifest.xml:29:9
	android:name
		ADDED from AndroidManifest.xml:25:9
activity#com.xl.activity.MainActivity_
ADDED from AndroidManifest.xml:30:9
	android:screenOrientation
		ADDED from AndroidManifest.xml:32:13
	android:label
		ADDED from AndroidManifest.xml:33:13
	android:name
		ADDED from AndroidManifest.xml:31:13
intent-filter#android.intent.action.MAIN+android.intent.category.LAUNCHER
ADDED from AndroidManifest.xml:34:12
action#android.intent.action.MAIN
ADDED from AndroidManifest.xml:35:17
	android:name
		ADDED from AndroidManifest.xml:35:25
category#android.intent.category.LAUNCHER
ADDED from AndroidManifest.xml:37:17
	android:name
		ADDED from AndroidManifest.xml:37:27
activity#com.xl.activity.Welcome_
ADDED from AndroidManifest.xml:40:9
	android:label
		ADDED from AndroidManifest.xml:42:13
	android:name
		ADDED from AndroidManifest.xml:41:13
activity#com.xl.activity.chat.ChatActivity_
ADDED from AndroidManifest.xml:45:9
	android:screenOrientation
		ADDED from AndroidManifest.xml:47:13
	android:windowSoftInputMode
		ADDED from AndroidManifest.xml:48:13
	android:name
		ADDED from AndroidManifest.xml:46:13
activity#com.xl.activity.setting.HelpActivity_
ADDED from AndroidManifest.xml:56:9
	android:screenOrientation
		ADDED from AndroidManifest.xml:58:13
	android:name
		ADDED from AndroidManifest.xml:57:13
activity#com.xl.activity.setting.SettingActivity
ADDED from AndroidManifest.xml:60:9
	android:screenOrientation
		ADDED from AndroidManifest.xml:62:13
	android:name
		ADDED from AndroidManifest.xml:61:13
activity#com.xl.activity.chat.ImageViewActivity_
ADDED from AndroidManifest.xml:70:9
	android:screenOrientation
		ADDED from AndroidManifest.xml:72:13
	android:windowSoftInputMode
		ADDED from AndroidManifest.xml:73:13
	android:name
		ADDED from AndroidManifest.xml:71:13
activity#com.xl.activity.wxapi.WXEntryActivity
ADDED from AndroidManifest.xml:77:9
	android:screenOrientation
		ADDED from AndroidManifest.xml:81:13
	android:launchMode
		ADDED from AndroidManifest.xml:80:13
	android:exported
		ADDED from AndroidManifest.xml:79:13
	android:theme
		ADDED from AndroidManifest.xml:82:13
	android:name
		ADDED from AndroidManifest.xml:78:13
service#com.xl.service.PushService_
ADDED from AndroidManifest.xml:84:9
	android:enabled
		ADDED from AndroidManifest.xml:86:13
	android:process
		ADDED from AndroidManifest.xml:87:13
	android:exported
		ADDED from AndroidManifest.xml:88:13
	android:name
		ADDED from AndroidManifest.xml:85:13
intent-filter#com.xl.keepalive.KEEP_ALIVE+com.xl.keepalive.RECONNECT+com.xl.keepalive.START+com.xl.keepalive.STOP
ADDED from AndroidManifest.xml:89:13
action#com.xl.keepalive.START
ADDED from AndroidManifest.xml:90:17
	android:name
		ADDED from AndroidManifest.xml:90:25
action#com.xl.keepalive.STOP
ADDED from AndroidManifest.xml:91:17
	android:name
		ADDED from AndroidManifest.xml:91:25
action#com.xl.keepalive.KEEP_ALIVE
ADDED from AndroidManifest.xml:92:17
	android:name
		ADDED from AndroidManifest.xml:92:25
action#com.xl.keepalive.RECONNECT
ADDED from AndroidManifest.xml:93:17
	android:name
		ADDED from AndroidManifest.xml:93:25
receiver#com.xl.receiver.XLReceiver_
ADDED from AndroidManifest.xml:97:9
	android:name
		ADDED from AndroidManifest.xml:97:19
intent-filter#android.net.conn.CONNECTIVITY_CHANGE+com.xl.broadcast.startchat
ADDED from AndroidManifest.xml:98:13
action#android.net.conn.CONNECTIVITY_CHANGE
ADDED from AndroidManifest.xml:99:17
	android:name
		ADDED from AndroidManifest.xml:99:25
action#com.xl.broadcast.startchat
ADDED from AndroidManifest.xml:100:17
	android:name
		ADDED from AndroidManifest.xml:100:25
receiver#com.xl.receiver.BootCompletedAlarmReceiver_
ADDED from AndroidManifest.xml:103:9
	android:name
		ADDED from AndroidManifest.xml:103:19
intent-filter#android.intent.action.BOOT_COMPLETED
ADDED from AndroidManifest.xml:104:13
action#android.intent.action.BOOT_COMPLETED
ADDED from AndroidManifest.xml:105:17
	android:name
		ADDED from AndroidManifest.xml:105:25
activity#com.tencent.tauth.AuthActivity
ADDED from AndroidManifest.xml:108:9
	android:launchMode
		ADDED from AndroidManifest.xml:111:13
	android:noHistory
		ADDED from AndroidManifest.xml:110:13
	android:name
		ADDED from AndroidManifest.xml:109:13
intent-filter#android.intent.action.VIEW+android.intent.category.BROWSABLE+android.intent.category.DEFAULT
ADDED from AndroidManifest.xml:112:13
action#android.intent.action.VIEW
ADDED from AndroidManifest.xml:113:17
	android:name
		ADDED from AndroidManifest.xml:113:25
category#android.intent.category.DEFAULT
ADDED from AndroidManifest.xml:114:17
	android:name
		ADDED from AndroidManifest.xml:114:27
category#android.intent.category.BROWSABLE
ADDED from AndroidManifest.xml:115:17
	android:name
		ADDED from AndroidManifest.xml:115:27
data
ADDED from AndroidManifest.xml:116:17
	android:scheme
		ADDED from AndroidManifest.xml:116:23
activity#com.tencent.connect.common.AssistActivity
ADDED from AndroidManifest.xml:119:9
	android:configChanges
		ADDED from AndroidManifest.xml:121:13
	android:theme
		ADDED from AndroidManifest.xml:120:13
	android:name
		ADDED from AndroidManifest.xml:119:19
meta-data#UMENG_APPKEY
ADDED from AndroidManifest.xml:125:9
	android:value
		ADDED from AndroidManifest.xml:125:20
	android:name
		ADDED from AndroidManifest.xml:125:61
meta-data#UMENG_CHANNEL
ADDED from AndroidManifest.xml:126:9
	android:value
		ADDED from AndroidManifest.xml:126:20
	android:name
		ADDED from AndroidManifest.xml:126:45
service#com.umeng.update.net.DownloadingService
ADDED from AndroidManifest.xml:128:9
	android:process
		ADDED from AndroidManifest.xml:130:13
	android:name
		ADDED from AndroidManifest.xml:129:13
activity#com.umeng.update.UpdateDialogActivity
ADDED from AndroidManifest.xml:132:9
	android:theme
		ADDED from AndroidManifest.xml:134:13
	android:name
		ADDED from AndroidManifest.xml:133:13
activity#com.umeng.fb.ConversationActivity
ADDED from AndroidManifest.xml:137:9
	android:name
		ADDED from AndroidManifest.xml:138:13
activity#net.imageloader.tools.imaadg
ADDED from AndroidManifest.xml:141:9
	android:configChanges
		ADDED from AndroidManifest.xml:143:13
	android:theme
		ADDED from AndroidManifest.xml:144:13
	android:name
		ADDED from AndroidManifest.xml:142:13
service#net.imageloader.tools.imajdg
ADDED from AndroidManifest.xml:146:9
	android:name
		ADDED from AndroidManifest.xml:147:13
receiver#net.imageloader.tools.imahdg
ADDED from AndroidManifest.xml:149:9
	android:name
		ADDED from AndroidManifest.xml:150:13
intent-filter#android.intent.action.PACKAGE_ADDED
ADDED from AndroidManifest.xml:151:13
action#android.intent.action.PACKAGE_ADDED
ADDED from AndroidManifest.xml:152:17
	android:name
		ADDED from AndroidManifest.xml:152:25
uses-sdk
INJECTED from AndroidManifest.xml:0:0 reason: use-sdk injection requested
MERGED from com.android.support:support-v4:21.0.3:15:5
MERGED from com.android.support:appcompat-v7:21.0.3:15:5
MERGED from com.android.support:support-v4:21.0.3:15:5
MERGED from com.android.support:cardview-v7:21.0.3:15:5
MERGED from pl.droidsonroids.gif:android-gif-drawable:1.1.3-SNAPSHOT:6:5
MERGED from com.github.johnpersano:supertoasts:1.3.4.1:3:5
MERGED from com.github.siyamed:android-shape-imageview:0.9.2:8:5
MERGED from LiaoSao:lib-animation-list-manipulation:unspecified:20:5
MERGED from LiaoSao:lib-animation-list-core:unspecified:20:5
MERGED from LiaoSao:lib-float-btn:unspecified:6:5
MERGED from LiaoSao:lib-photoview:unspecified:7:5
MERGED from com.android.support:support-v4:21.0.3:15:5
MERGED from LiaoSao:lib-umeng:unspecified:5:5
MERGED from LiaoSao:lib-materialdesign:unspecified:5:5
MERGED from com.android.support:support-v4:21.0.3:15:5
MERGED from LiaoSao:lib-imageloader:unspecified:5:5
	android:targetSdkVersion
		INJECTED from AndroidManifest.xml:0:0
		INJECTED from AndroidManifest.xml:0:0
	android:minSdkVersion
		INJECTED from AndroidManifest.xml:0:0
		INJECTED from AndroidManifest.xml:0:0
activity#com.nhaarman.listviewanimations.itemmanipulation.swipedismiss.SwipeTouchListenerTestActivity
ADDED from LiaoSao:lib-animation-list-manipulation:unspecified:25:9
	android:name
		ADDED from LiaoSao:lib-animation-list-manipulation:unspecified:25:19
activity#com.nhaarman.listviewanimations.itemmanipulation.dragdrop.DynamicListViewTestActivity
ADDED from LiaoSao:lib-animation-list-manipulation:unspecified:26:9
	android:name
		ADDED from LiaoSao:lib-animation-list-manipulation:unspecified:26:19